<?xml version="1.0" encoding="utf-8"?><testsuites name="pytest tests"><testsuite name="pytest" errors="0" failures="0" skipped="0" tests="89" time="21.119" timestamp="2025-07-13T12:32:31.355910-03:00" hostname="MAGAZORD-0121"><testcase classname="tests.test_app" name="test_root_deve_retornar_ok" time="1.652" /><testcase classname="tests.test_auth" name="test_create_token_deve_retornar_token_para_usuario_existente" time="0.232" /><testcase classname="tests.test_auth" name="test_get_current_user_nao_existente_deve_retornar_403" time="0.099" /><testcase classname="tests.test_auth" name="test_create_token_deve_retornar_403_para_usuario_inexistente" time="0.101" /><testcase classname="tests.test_auth" name="test_create_token_deve_retornar_403_para_senha_incorreta" time="0.206" /><testcase classname="tests.test_auth" name="test_token_expirado_deve_retornar_403" time="0.327" /><testcase classname="tests.test_auth" name="test_refresh_token_deve_retornar_novo_token_valido" time="0.225" /><testcase classname="tests.test_auth" name="test_token_expirado_deve_retornar_403_ao_renovar" time="0.231" /><testcase classname="tests.test_db" name="test_create_user" time="0.104" /><testcase classname="tests.test_group" name="test_create_group_deve_criar_grupo_e_retornar_201" time="0.223" /><testcase classname="tests.test_group" name="test_create_group_duplicado_deve_retornar_409" time="0.233" /><testcase classname="tests.test_group" name="test_read_groups_deve_retornar_lista_de_grupos" time="0.230" /><testcase classname="tests.test_group" name="test_read_group_deve_retornar_grupo_existente" time="0.228" /><testcase classname="tests.test_group" name="test_read_group_deve_retornar_grupo_inexistente" time="0.214" /><testcase classname="tests.test_group" name="test_delete_group_deve_deletar_grupo_existente" time="0.228" /><testcase classname="tests.test_group" name="test_delete_group_deve_retornar_404_para_grupo_inexistente" time="0.220" /><testcase classname="tests.test_group" name="test_update_group_deve_atualizar_grupo_existente" time="0.234" /><testcase classname="tests.test_group" name="test_update_group_deve_retornar_404_para_grupo_inexistente" time="0.221" /><testcase classname="tests.test_group" name="test_update_group_deve_retornar_409_para_nome_duplicado" time="0.234" /><testcase classname="tests.test_group" name="test_add_user_to_group_deve_adicionar_usuario_ao_grupo" time="0.292" /><testcase classname="tests.test_group" name="test_add_user_to_group_deve_retornar_404_para_grupo_inexistente" time="0.275" /><testcase classname="tests.test_group" name="test_add_user_to_group_deve_retornar_404_para_usuario_inexistente" time="0.228" /><testcase classname="tests.test_group" name="test_add_user_to_group_deve_retornar_409_para_usuario_ja_no_grupo" time="0.382" /><testcase classname="tests.test_group" name="test_remove_user_from_group_deve_remover_usuario_do_grupo" time="0.298" /><testcase classname="tests.test_group" name="test_remove_user_from_group_deve_retornar_404_para_grupo_inexistente" time="0.267" /><testcase classname="tests.test_group" name="test_rm_user_from_group_deve_reto_404_para_usuario_inexistente" time="0.216" /><testcase classname="tests.test_group" name="test_rm_user_from_group_deve_reto_404_para_usuario_nao_no_grupo" time="0.292" /><testcase classname="tests.test_group" name="test_add_user_to_group_deve_retornar_403_para_usuario_nao_autorizado" time="0.180" /><testcase classname="tests.test_group" name="test_add_role_to_group_deve_adicionar_role_ao_grupo" time="0.269" /><testcase classname="tests.test_group" name="test_add_role_to_group_deve_retornar_404_para_grupo_inexistente" time="0.222" /><testcase classname="tests.test_group" name="test_add_role_to_group_deve_retornar_404_para_role_inexistente" time="0.225" /><testcase classname="tests.test_group" name="test_add_role_to_group_deve_retornar_409_para_role_ja_no_grupo" time="0.242" /><testcase classname="tests.test_group" name="test_remove_role_from_group_deve_remover_role_do_grupo" time="0.247" /><testcase classname="tests.test_group" name="test_remove_role_from_group_deve_retornar_404_para_grupo_inexistente" time="0.221" /><testcase classname="tests.test_group" name="test_remove_role_from_group_deve_retornar_404_para_role_inexistente" time="0.228" /><testcase classname="tests.test_group" name="test_remove_role_from_group_deve_retornar_404_para_role_nao_no_grupo" time="0.254" /><testcase classname="tests.test_permission" name="test_create_permission_deve_criar_permission_e_retornar_201" time="0.228" /><testcase classname="tests.test_permission" name="test_create_permission_deve_retornar_409_para_permission_existente" time="0.218" /><testcase classname="tests.test_permission" name="test_read_permissions_deve_retornar_lista_de_permissions" time="0.236" /><testcase classname="tests.test_permission" name="test_read_permission_deve_retornar_permission_existente" time="0.224" /><testcase classname="tests.test_permission" name="test_read_permission_nao_existente_deve_retornar_404" time="0.265" /><testcase classname="tests.test_permission" name="test_update_permission_deve_atualizar_permission_existente" time="0.231" /><testcase classname="tests.test_permission" name="test_update_permission_nao_existente_deve_retornar_404" time="0.218" /><testcase classname="tests.test_permission" name="test_update_permission_deve_retornar_409_para_permission_existente" time="0.245" /><testcase classname="tests.test_permission" name="test_delete_permission_deve_remover_permission_existente" time="0.228" /><testcase classname="tests.test_permission" name="test_delete_permission_nao_existente_deve_retornar_404" time="0.218" /><testcase classname="tests.test_permission" name="test_assign_permission_to_role_deve_atribuir_permission_a_role" time="0.235" /><testcase classname="tests.test_permission" name="test_assign_permission_to_role_nao_existente_deve_retornar_404" time="0.223" /><testcase classname="tests.test_permission" name="test_assign_permission_to_role_role_nao_existente_deve_retornar_404" time="0.224" /><testcase classname="tests.test_role" name="test_create_role_deve_criar_role_e_retornar_201" time="0.235" /><testcase classname="tests.test_role" name="test_create_role_deve_retornar_409_para_role_existente" time="0.233" /><testcase classname="tests.test_role" name="test_read_roles_deve_retornar_lista_de_roles" time="0.250" /><testcase classname="tests.test_role" name="test_read_role_deve_retornar_role_existente" time="0.307" /><testcase classname="tests.test_role" name="test_read_role_deve_retornar_404_para_role_nao_existente" time="0.221" /><testcase classname="tests.test_role" name="test_delete_role_deve_deletar_role_existente" time="0.221" /><testcase classname="tests.test_role" name="test_delete_role_deve_retornar_404_para_role_nao_existente" time="0.218" /><testcase classname="tests.test_role" name="test_update_role_deve_atualizar_role_existente" time="0.231" /><testcase classname="tests.test_role" name="test_update_role_deve_retornar_404_para_role_nao_existente" time="0.217" /><testcase classname="tests.test_role" name="test_update_role_deve_retornar_409_para_nome_existente" time="0.261" /><testcase classname="tests.test_security" name="test_jwt" time="0.002" /><testcase classname="tests.test_security" name="test_jwt_invalid_token" time="0.107" /><testcase classname="tests.test_security" name="test_superuser_tem_acesso_total" time="0.149" /><testcase classname="tests.test_security" name="test_permissao_direta_concedida" time="0.170" /><testcase classname="tests.test_security" name="test_condicao_abac_falha_acesso_horario" time="0.171" /><testcase classname="tests.test_security" name="test_condicao_abac_falha_acesso_ip" time="0.180" /><testcase classname="tests.test_security" name="test_condicao_abac_sucess_acesso_horario" time="0.212" /><testcase classname="tests.test_security" name="test_condicao_abac_sucesso_acesso_ip" time="0.160" /><testcase classname="tests.test_security" name="test_permissao_via_role_concedida" time="0.175" /><testcase classname="tests.test_security" name="test_permissao_via_group_concedida" time="0.175" /><testcase classname="tests.test_users" name="test_create_user_deve_criar_usuario_e_retornar_201" time="0.172" /><testcase classname="tests.test_users" name="test_create_user_deve_retornar_422_para_dados_invalidos" time="0.101" /><testcase classname="tests.test_users" name="test_create_user_deve_retornar_422_para_senha_curta" time="0.124" /><testcase classname="tests.test_users" name="test_create_user_deve_retornar_422_para_senha_sem_numeros" time="0.109" /><testcase classname="tests.test_users" name="test_create_user_deve_retornar_422_para_senha_so_maiuscula" time="0.114" /><testcase classname="tests.test_users" name="test_create_user_deve_reto_422_para_senha_sem_maiuscula" time="0.108" /><testcase classname="tests.test_users" name="test_create_user_deve_retornar_422_para_senha_sem_especial" time="0.106" /><testcase classname="tests.test_users" name="test_create_user_deve_retornar_409_para_usuario_existente" time="0.216" /><testcase classname="tests.test_users" name="test_create_user_deve_retornar_409_para_email_existente" time="0.222" /><testcase classname="tests.test_users" name="test_read_users_deve_retornar_lista_de_usuarios" time="0.259" /><testcase classname="tests.test_users" name="test_read_user_deve_retornar_usuario_existente" time="0.237" /><testcase classname="tests.test_users" name="test_read_user_deve_retornar_404_para_usuario_inexistente" time="0.267" /><testcase classname="tests.test_users" name="test_update_user_deve_atualizar_usuario_existente" time="0.323" /><testcase classname="tests.test_users" name="test_update_user_deve_retornar_404_para_usuario_inexistente" time="0.338" /><testcase classname="tests.test_users" name="test_update_user_deve_retornar_409_para_username_em_uso" time="0.323" /><testcase classname="tests.test_users" name="test_delete_user_deve_deletar_usuario_existente" time="0.248" /><testcase classname="tests.test_users" name="test_delete_user_deve_retornar_404_usuario_inexistente" time="0.246" /><testcase classname="tests.test_users" name="test_get_current_user_nao_encontrado_deve_retornar_403" time="0.109" /><testcase classname="tests.test_users" name="test_user_list_deve_retornar_403_para_usuario_sem_permissao" time="0.272" /><testcase classname="tests.test_users" name="test_user_inactive_deve_retornar_403" time="0.460" /></testsuite></testsuites>